2025-09-21 06:28:00,150 - database.db_manager - INFO - Database initialized successfully
2025-09-21 06:28:00,150 - __main__ - INFO - Database initialized
2025-09-21 06:28:00,151 - __main__ - INFO - All handlers registered successfully
2025-09-21 06:28:00,151 - __main__ - INFO - ✅ Modular Telegram File Bot started successfully!
2025-09-21 06:28:00,520 - httpx - INFO - HTTP Request: POST https://api.telegram.org/bot8428725185:AAELFU6lUasbSDUvRuhTLNDBT3uEmvNruN0/getMe "HTTP/1.1 200 OK"
2025-09-21 06:28:00,521 - apscheduler.scheduler - INFO - Scheduler started
2025-09-21 06:28:00,521 - telegram.ext.Application - INFO - Application started
2025-09-21 06:28:00,634 - httpx - INFO - HTTP Request: POST https://api.telegram.org/bot8428725185:AAELFU6lUasbSDUvRuhTLNDBT3uEmvNruN0/deleteWebhook "HTTP/1.1 200 OK"
2025-09-21 06:28:10,979 - httpx - INFO - HTTP Request: POST https://api.telegram.org/bot8428725185:AAELFU6lUasbSDUvRuhTLNDBT3uEmvNruN0/getUpdates "HTTP/1.1 200 OK"
2025-09-21 06:28:21,095 - httpx - INFO - HTTP Request: POST https://api.telegram.org/bot8428725185:AAELFU6lUasbSDUvRuhTLNDBT3uEmvNruN0/getUpdates "HTTP/1.1 200 OK"
2025-09-21 06:28:31,210 - httpx - INFO - HTTP Request: POST https://api.telegram.org/bot8428725185:AAELFU6lUasbSDUvRuhTLNDBT3uEmvNruN0/getUpdates "HTTP/1.1 200 OK"
2025-09-21 06:28:41,326 - httpx - INFO - HTTP Request: POST https://api.telegram.org/bot8428725185:AAELFU6lUasbSDUvRuhTLNDBT3uEmvNruN0/getUpdates "HTTP/1.1 200 OK"
2025-09-21 06:28:51,442 - httpx - INFO - HTTP Request: POST https://api.telegram.org/bot8428725185:AAELFU6lUasbSDUvRuhTLNDBT3uEmvNruN0/getUpdates "HTTP/1.1 200 OK"
2025-09-21 06:29:01,556 - httpx - INFO - HTTP Request: POST https://api.telegram.org/bot8428725185:AAELFU6lUasbSDUvRuhTLNDBT3uEmvNruN0/getUpdates "HTTP/1.1 200 OK"
2025-09-21 06:29:11,671 - httpx - INFO - HTTP Request: POST https://api.telegram.org/bot8428725185:AAELFU6lUasbSDUvRuhTLNDBT3uEmvNruN0/getUpdates "HTTP/1.1 200 OK"
2025-09-21 06:29:21,788 - httpx - INFO - HTTP Request: POST https://api.telegram.org/bot8428725185:AAELFU6lUasbSDUvRuhTLNDBT3uEmvNruN0/getUpdates "HTTP/1.1 200 OK"
2025-09-21 06:29:31,904 - httpx - INFO - HTTP Request: POST https://api.telegram.org/bot8428725185:AAELFU6lUasbSDUvRuhTLNDBT3uEmvNruN0/getUpdates "HTTP/1.1 200 OK"
2025-09-21 06:29:42,020 - httpx - INFO - HTTP Request: POST https://api.telegram.org/bot8428725185:AAELFU6lUasbSDUvRuhTLNDBT3uEmvNruN0/getUpdates "HTTP/1.1 200 OK"
2025-09-21 06:29:52,134 - httpx - INFO - HTTP Request: POST https://api.telegram.org/bot8428725185:AAELFU6lUasbSDUvRuhTLNDBT3uEmvNruN0/getUpdates "HTTP/1.1 200 OK"
2025-09-21 06:30:02,249 - httpx - INFO - HTTP Request: POST https://api.telegram.org/bot8428725185:AAELFU6lUasbSDUvRuhTLNDBT3uEmvNruN0/getUpdates "HTTP/1.1 200 OK"
2025-09-21 06:30:12,365 - httpx - INFO - HTTP Request: POST https://api.telegram.org/bot8428725185:AAELFU6lUasbSDUvRuhTLNDBT3uEmvNruN0/getUpdates "HTTP/1.1 200 OK"
2025-09-21 06:30:22,481 - httpx - INFO - HTTP Request: POST https://api.telegram.org/bot8428725185:AAELFU6lUasbSDUvRuhTLNDBT3uEmvNruN0/getUpdates "HTTP/1.1 200 OK"
2025-09-21 06:30:32,596 - httpx - INFO - HTTP Request: POST https://api.telegram.org/bot8428725185:AAELFU6lUasbSDUvRuhTLNDBT3uEmvNruN0/getUpdates "HTTP/1.1 200 OK"
2025-09-21 06:30:42,711 - httpx - INFO - HTTP Request: POST https://api.telegram.org/bot8428725185:AAELFU6lUasbSDUvRuhTLNDBT3uEmvNruN0/getUpdates "HTTP/1.1 200 OK"
2025-09-21 06:30:52,825 - httpx - INFO - HTTP Request: POST https://api.telegram.org/bot8428725185:AAELFU6lUasbSDUvRuhTLNDBT3uEmvNruN0/getUpdates "HTTP/1.1 200 OK"
2025-09-21 06:31:02,940 - httpx - INFO - HTTP Request: POST https://api.telegram.org/bot8428725185:AAELFU6lUasbSDUvRuhTLNDBT3uEmvNruN0/getUpdates "HTTP/1.1 200 OK"
2025-09-21 06:31:13,054 - httpx - INFO - HTTP Request: POST https://api.telegram.org/bot8428725185:AAELFU6lUasbSDUvRuhTLNDBT3uEmvNruN0/getUpdates "HTTP/1.1 200 OK"
2025-09-21 06:31:23,168 - httpx - INFO - HTTP Request: POST https://api.telegram.org/bot8428725185:AAELFU6lUasbSDUvRuhTLNDBT3uEmvNruN0/getUpdates "HTTP/1.1 200 OK"
2025-09-21 06:31:33,285 - httpx - INFO - HTTP Request: POST https://api.telegram.org/bot8428725185:AAELFU6lUasbSDUvRuhTLNDBT3uEmvNruN0/getUpdates "HTTP/1.1 200 OK"
2025-09-21 06:31:43,403 - httpx - INFO - HTTP Request: POST https://api.telegram.org/bot8428725185:AAELFU6lUasbSDUvRuhTLNDBT3uEmvNruN0/getUpdates "HTTP/1.1 200 OK"
2025-09-21 06:31:53,520 - httpx - INFO - HTTP Request: POST https://api.telegram.org/bot8428725185:AAELFU6lUasbSDUvRuhTLNDBT3uEmvNruN0/getUpdates "HTTP/1.1 200 OK"
2025-09-21 06:32:03,635 - httpx - INFO - HTTP Request: POST https://api.telegram.org/bot8428725185:AAELFU6lUasbSDUvRuhTLNDBT3uEmvNruN0/getUpdates "HTTP/1.1 200 OK"
2025-09-21 06:32:13,751 - httpx - INFO - HTTP Request: POST https://api.telegram.org/bot8428725185:AAELFU6lUasbSDUvRuhTLNDBT3uEmvNruN0/getUpdates "HTTP/1.1 200 OK"
2025-09-21 06:32:23,866 - httpx - INFO - HTTP Request: POST https://api.telegram.org/bot8428725185:AAELFU6lUasbSDUvRuhTLNDBT3uEmvNruN0/getUpdates "HTTP/1.1 200 OK"
2025-09-21 06:32:33,983 - httpx - INFO - HTTP Request: POST https://api.telegram.org/bot8428725185:AAELFU6lUasbSDUvRuhTLNDBT3uEmvNruN0/getUpdates "HTTP/1.1 200 OK"
2025-09-21 06:32:44,098 - httpx - INFO - HTTP Request: POST https://api.telegram.org/bot8428725185:AAELFU6lUasbSDUvRuhTLNDBT3uEmvNruN0/getUpdates "HTTP/1.1 200 OK"
2025-09-21 06:32:54,213 - httpx - INFO - HTTP Request: POST https://api.telegram.org/bot8428725185:AAELFU6lUasbSDUvRuhTLNDBT3uEmvNruN0/getUpdates "HTTP/1.1 200 OK"
2025-09-21 06:33:04,328 - httpx - INFO - HTTP Request: POST https://api.telegram.org/bot8428725185:AAELFU6lUasbSDUvRuhTLNDBT3uEmvNruN0/getUpdates "HTTP/1.1 200 OK"
2025-09-21 06:33:14,442 - httpx - INFO - HTTP Request: POST https://api.telegram.org/bot8428725185:AAELFU6lUasbSDUvRuhTLNDBT3uEmvNruN0/getUpdates "HTTP/1.1 200 OK"
2025-09-21 06:33:24,569 - httpx - INFO - HTTP Request: POST https://api.telegram.org/bot8428725185:AAELFU6lUasbSDUvRuhTLNDBT3uEmvNruN0/getUpdates "HTTP/1.1 200 OK"
2025-09-21 06:33:34,686 - httpx - INFO - HTTP Request: POST https://api.telegram.org/bot8428725185:AAELFU6lUasbSDUvRuhTLNDBT3uEmvNruN0/getUpdates "HTTP/1.1 200 OK"
2025-09-21 06:33:44,802 - httpx - INFO - HTTP Request: POST https://api.telegram.org/bot8428725185:AAELFU6lUasbSDUvRuhTLNDBT3uEmvNruN0/getUpdates "HTTP/1.1 200 OK"
2025-09-21 06:33:54,919 - httpx - INFO - HTTP Request: POST https://api.telegram.org/bot8428725185:AAELFU6lUasbSDUvRuhTLNDBT3uEmvNruN0/getUpdates "HTTP/1.1 200 OK"
2025-09-21 06:34:05,033 - httpx - INFO - HTTP Request: POST https://api.telegram.org/bot8428725185:AAELFU6lUasbSDUvRuhTLNDBT3uEmvNruN0/getUpdates "HTTP/1.1 200 OK"
2025-09-21 06:34:15,149 - httpx - INFO - HTTP Request: POST https://api.telegram.org/bot8428725185:AAELFU6lUasbSDUvRuhTLNDBT3uEmvNruN0/getUpdates "HTTP/1.1 200 OK"
2025-09-21 06:34:25,266 - httpx - INFO - HTTP Request: POST https://api.telegram.org/bot8428725185:AAELFU6lUasbSDUvRuhTLNDBT3uEmvNruN0/getUpdates "HTTP/1.1 200 OK"
2025-09-21 06:34:35,382 - httpx - INFO - HTTP Request: POST https://api.telegram.org/bot8428725185:AAELFU6lUasbSDUvRuhTLNDBT3uEmvNruN0/getUpdates "HTTP/1.1 200 OK"
2025-09-21 06:34:45,497 - httpx - INFO - HTTP Request: POST https://api.telegram.org/bot8428725185:AAELFU6lUasbSDUvRuhTLNDBT3uEmvNruN0/getUpdates "HTTP/1.1 200 OK"
2025-09-21 06:34:55,611 - httpx - INFO - HTTP Request: POST https://api.telegram.org/bot8428725185:AAELFU6lUasbSDUvRuhTLNDBT3uEmvNruN0/getUpdates "HTTP/1.1 200 OK"
2025-09-21 06:35:05,726 - httpx - INFO - HTTP Request: POST https://api.telegram.org/bot8428725185:AAELFU6lUasbSDUvRuhTLNDBT3uEmvNruN0/getUpdates "HTTP/1.1 200 OK"
2025-09-21 06:35:15,841 - httpx - INFO - HTTP Request: POST https://api.telegram.org/bot8428725185:AAELFU6lUasbSDUvRuhTLNDBT3uEmvNruN0/getUpdates "HTTP/1.1 200 OK"
2025-09-21 06:35:25,961 - httpx - INFO - HTTP Request: POST https://api.telegram.org/bot8428725185:AAELFU6lUasbSDUvRuhTLNDBT3uEmvNruN0/getUpdates "HTTP/1.1 200 OK"
2025-09-21 06:35:36,081 - httpx - INFO - HTTP Request: POST https://api.telegram.org/bot8428725185:AAELFU6lUasbSDUvRuhTLNDBT3uEmvNruN0/getUpdates "HTTP/1.1 200 OK"
2025-09-21 06:35:46,197 - httpx - INFO - HTTP Request: POST https://api.telegram.org/bot8428725185:AAELFU6lUasbSDUvRuhTLNDBT3uEmvNruN0/getUpdates "HTTP/1.1 200 OK"
2025-09-21 06:35:56,311 - httpx - INFO - HTTP Request: POST https://api.telegram.org/bot8428725185:AAELFU6lUasbSDUvRuhTLNDBT3uEmvNruN0/getUpdates "HTTP/1.1 200 OK"
2025-09-21 06:36:06,427 - httpx - INFO - HTTP Request: POST https://api.telegram.org/bot8428725185:AAELFU6lUasbSDUvRuhTLNDBT3uEmvNruN0/getUpdates "HTTP/1.1 200 OK"
2025-09-21 06:36:16,542 - httpx - INFO - HTTP Request: POST https://api.telegram.org/bot8428725185:AAELFU6lUasbSDUvRuhTLNDBT3uEmvNruN0/getUpdates "HTTP/1.1 200 OK"
2025-09-21 06:36:26,658 - httpx - INFO - HTTP Request: POST https://api.telegram.org/bot8428725185:AAELFU6lUasbSDUvRuhTLNDBT3uEmvNruN0/getUpdates "HTTP/1.1 200 OK"
2025-09-21 06:36:36,772 - httpx - INFO - HTTP Request: POST https://api.telegram.org/bot8428725185:AAELFU6lUasbSDUvRuhTLNDBT3uEmvNruN0/getUpdates "HTTP/1.1 200 OK"
2025-09-21 06:36:46,887 - httpx - INFO - HTTP Request: POST https://api.telegram.org/bot8428725185:AAELFU6lUasbSDUvRuhTLNDBT3uEmvNruN0/getUpdates "HTTP/1.1 200 OK"
2025-09-21 06:36:57,003 - httpx - INFO - HTTP Request: POST https://api.telegram.org/bot8428725185:AAELFU6lUasbSDUvRuhTLNDBT3uEmvNruN0/getUpdates "HTTP/1.1 200 OK"
2025-09-21 06:37:07,118 - httpx - INFO - HTTP Request: POST https://api.telegram.org/bot8428725185:AAELFU6lUasbSDUvRuhTLNDBT3uEmvNruN0/getUpdates "HTTP/1.1 200 OK"
2025-09-21 06:37:17,233 - httpx - INFO - HTTP Request: POST https://api.telegram.org/bot8428725185:AAELFU6lUasbSDUvRuhTLNDBT3uEmvNruN0/getUpdates "HTTP/1.1 200 OK"
2025-09-21 06:37:27,347 - httpx - INFO - HTTP Request: POST https://api.telegram.org/bot8428725185:AAELFU6lUasbSDUvRuhTLNDBT3uEmvNruN0/getUpdates "HTTP/1.1 200 OK"
2025-09-21 06:37:37,462 - httpx - INFO - HTTP Request: POST https://api.telegram.org/bot8428725185:AAELFU6lUasbSDUvRuhTLNDBT3uEmvNruN0/getUpdates "HTTP/1.1 200 OK"
2025-09-21 06:37:47,577 - httpx - INFO - HTTP Request: POST https://api.telegram.org/bot8428725185:AAELFU6lUasbSDUvRuhTLNDBT3uEmvNruN0/getUpdates "HTTP/1.1 200 OK"
2025-09-21 06:37:57,693 - httpx - INFO - HTTP Request: POST https://api.telegram.org/bot8428725185:AAELFU6lUasbSDUvRuhTLNDBT3uEmvNruN0/getUpdates "HTTP/1.1 200 OK"
2025-09-21 06:38:07,808 - httpx - INFO - HTTP Request: POST https://api.telegram.org/bot8428725185:AAELFU6lUasbSDUvRuhTLNDBT3uEmvNruN0/getUpdates "HTTP/1.1 200 OK"
2025-09-21 06:38:17,923 - httpx - INFO - HTTP Request: POST https://api.telegram.org/bot8428725185:AAELFU6lUasbSDUvRuhTLNDBT3uEmvNruN0/getUpdates "HTTP/1.1 200 OK"
2025-09-21 06:38:28,038 - httpx - INFO - HTTP Request: POST https://api.telegram.org/bot8428725185:AAELFU6lUasbSDUvRuhTLNDBT3uEmvNruN0/getUpdates "HTTP/1.1 200 OK"
2025-09-21 06:38:38,153 - httpx - INFO - HTTP Request: POST https://api.telegram.org/bot8428725185:AAELFU6lUasbSDUvRuhTLNDBT3uEmvNruN0/getUpdates "HTTP/1.1 200 OK"
2025-09-21 06:38:48,269 - httpx - INFO - HTTP Request: POST https://api.telegram.org/bot8428725185:AAELFU6lUasbSDUvRuhTLNDBT3uEmvNruN0/getUpdates "HTTP/1.1 200 OK"
2025-09-21 06:38:58,385 - httpx - INFO - HTTP Request: POST https://api.telegram.org/bot8428725185:AAELFU6lUasbSDUvRuhTLNDBT3uEmvNruN0/getUpdates "HTTP/1.1 200 OK"
2025-09-21 06:39:08,502 - httpx - INFO - HTTP Request: POST https://api.telegram.org/bot8428725185:AAELFU6lUasbSDUvRuhTLNDBT3uEmvNruN0/getUpdates "HTTP/1.1 200 OK"
2025-09-21 06:39:18,617 - httpx - INFO - HTTP Request: POST https://api.telegram.org/bot8428725185:AAELFU6lUasbSDUvRuhTLNDBT3uEmvNruN0/getUpdates "HTTP/1.1 200 OK"
2025-09-21 06:39:28,732 - httpx - INFO - HTTP Request: POST https://api.telegram.org/bot8428725185:AAELFU6lUasbSDUvRuhTLNDBT3uEmvNruN0/getUpdates "HTTP/1.1 200 OK"
2025-09-21 06:39:38,848 - httpx - INFO - HTTP Request: POST https://api.telegram.org/bot8428725185:AAELFU6lUasbSDUvRuhTLNDBT3uEmvNruN0/getUpdates "HTTP/1.1 200 OK"
2025-09-21 06:39:48,964 - httpx - INFO - HTTP Request: POST https://api.telegram.org/bot8428725185:AAELFU6lUasbSDUvRuhTLNDBT3uEmvNruN0/getUpdates "HTTP/1.1 200 OK"
2025-09-21 06:39:59,080 - httpx - INFO - HTTP Request: POST https://api.telegram.org/bot8428725185:AAELFU6lUasbSDUvRuhTLNDBT3uEmvNruN0/getUpdates "HTTP/1.1 200 OK"
2025-09-21 06:40:09,195 - httpx - INFO - HTTP Request: POST https://api.telegram.org/bot8428725185:AAELFU6lUasbSDUvRuhTLNDBT3uEmvNruN0/getUpdates "HTTP/1.1 200 OK"
2025-09-21 06:40:19,313 - httpx - INFO - HTTP Request: POST https://api.telegram.org/bot8428725185:AAELFU6lUasbSDUvRuhTLNDBT3uEmvNruN0/getUpdates "HTTP/1.1 200 OK"
2025-09-21 06:40:29,427 - httpx - INFO - HTTP Request: POST https://api.telegram.org/bot8428725185:AAELFU6lUasbSDUvRuhTLNDBT3uEmvNruN0/getUpdates "HTTP/1.1 200 OK"
2025-09-21 06:40:39,543 - httpx - INFO - HTTP Request: POST https://api.telegram.org/bot8428725185:AAELFU6lUasbSDUvRuhTLNDBT3uEmvNruN0/getUpdates "HTTP/1.1 200 OK"
2025-09-21 06:40:49,658 - httpx - INFO - HTTP Request: POST https://api.telegram.org/bot8428725185:AAELFU6lUasbSDUvRuhTLNDBT3uEmvNruN0/getUpdates "HTTP/1.1 200 OK"
2025-09-21 06:40:59,773 - httpx - INFO - HTTP Request: POST https://api.telegram.org/bot8428725185:AAELFU6lUasbSDUvRuhTLNDBT3uEmvNruN0/getUpdates "HTTP/1.1 200 OK"
2025-09-21 06:41:09,889 - httpx - INFO - HTTP Request: POST https://api.telegram.org/bot8428725185:AAELFU6lUasbSDUvRuhTLNDBT3uEmvNruN0/getUpdates "HTTP/1.1 200 OK"
2025-09-21 06:41:20,005 - httpx - INFO - HTTP Request: POST https://api.telegram.org/bot8428725185:AAELFU6lUasbSDUvRuhTLNDBT3uEmvNruN0/getUpdates "HTTP/1.1 200 OK"
2025-09-21 06:41:30,119 - httpx - INFO - HTTP Request: POST https://api.telegram.org/bot8428725185:AAELFU6lUasbSDUvRuhTLNDBT3uEmvNruN0/getUpdates "HTTP/1.1 200 OK"
2025-09-21 06:41:40,236 - httpx - INFO - HTTP Request: POST https://api.telegram.org/bot8428725185:AAELFU6lUasbSDUvRuhTLNDBT3uEmvNruN0/getUpdates "HTTP/1.1 200 OK"
2025-09-21 06:41:50,350 - httpx - INFO - HTTP Request: POST https://api.telegram.org/bot8428725185:AAELFU6lUasbSDUvRuhTLNDBT3uEmvNruN0/getUpdates "HTTP/1.1 200 OK"
2025-09-21 06:42:00,487 - httpx - INFO - HTTP Request: POST https://api.telegram.org/bot8428725185:AAELFU6lUasbSDUvRuhTLNDBT3uEmvNruN0/getUpdates "HTTP/1.1 200 OK"
2025-09-21 06:42:10,604 - httpx - INFO - HTTP Request: POST https://api.telegram.org/bot8428725185:AAELFU6lUasbSDUvRuhTLNDBT3uEmvNruN0/getUpdates "HTTP/1.1 200 OK"
2025-09-21 06:42:20,719 - httpx - INFO - HTTP Request: POST https://api.telegram.org/bot8428725185:AAELFU6lUasbSDUvRuhTLNDBT3uEmvNruN0/getUpdates "HTTP/1.1 200 OK"
2025-09-21 06:42:30,833 - httpx - INFO - HTTP Request: POST https://api.telegram.org/bot8428725185:AAELFU6lUasbSDUvRuhTLNDBT3uEmvNruN0/getUpdates "HTTP/1.1 200 OK"
2025-09-21 06:42:40,949 - httpx - INFO - HTTP Request: POST https://api.telegram.org/bot8428725185:AAELFU6lUasbSDUvRuhTLNDBT3uEmvNruN0/getUpdates "HTTP/1.1 200 OK"
2025-09-21 06:42:51,064 - httpx - INFO - HTTP Request: POST https://api.telegram.org/bot8428725185:AAELFU6lUasbSDUvRuhTLNDBT3uEmvNruN0/getUpdates "HTTP/1.1 200 OK"
2025-09-21 06:43:01,179 - httpx - INFO - HTTP Request: POST https://api.telegram.org/bot8428725185:AAELFU6lUasbSDUvRuhTLNDBT3uEmvNruN0/getUpdates "HTTP/1.1 200 OK"
2025-09-21 06:43:11,294 - httpx - INFO - HTTP Request: POST https://api.telegram.org/bot8428725185:AAELFU6lUasbSDUvRuhTLNDBT3uEmvNruN0/getUpdates "HTTP/1.1 200 OK"
2025-09-21 06:43:21,409 - httpx - INFO - HTTP Request: POST https://api.telegram.org/bot8428725185:AAELFU6lUasbSDUvRuhTLNDBT3uEmvNruN0/getUpdates "HTTP/1.1 200 OK"
2025-09-21 06:43:21,765 - httpx - INFO - HTTP Request: POST https://api.telegram.org/bot8428725185:AAELFU6lUasbSDUvRuhTLNDBT3uEmvNruN0/getUpdates "HTTP/1.1 200 OK"
2025-09-21 06:43:22,167 - httpx - INFO - HTTP Request: POST https://api.telegram.org/bot8428725185:AAELFU6lUasbSDUvRuhTLNDBT3uEmvNruN0/sendMessage "HTTP/1.1 200 OK"
2025-09-21 06:43:25,184 - httpx - INFO - HTTP Request: POST https://api.telegram.org/bot8428725185:AAELFU6lUasbSDUvRuhTLNDBT3uEmvNruN0/getUpdates "HTTP/1.1 200 OK"
2025-09-21 06:43:25,185 - __main__ - INFO - Received callback_data: 'category_link_1', action: 'category'
2025-09-21 06:43:25,305 - httpx - INFO - HTTP Request: POST https://api.telegram.org/bot8428725185:AAELFU6lUasbSDUvRuhTLNDBT3uEmvNruN0/answerCallbackQuery "HTTP/1.1 200 OK"
2025-09-21 06:43:25,305 - handlers.category_link_handler - INFO - Category link options callback: category_link_1, parts: ['category', 'link', '1']
2025-09-21 06:43:25,444 - httpx - INFO - HTTP Request: POST https://api.telegram.org/bot8428725185:AAELFU6lUasbSDUvRuhTLNDBT3uEmvNruN0/editMessageText "HTTP/1.1 200 OK"
2025-09-21 06:43:26,765 - httpx - INFO - HTTP Request: POST https://api.telegram.org/bot8428725185:AAELFU6lUasbSDUvRuhTLNDBT3uEmvNruN0/getUpdates "HTTP/1.1 200 OK"
2025-09-21 06:43:26,766 - __main__ - INFO - Received callback_data: 'select_files_1', action: 'select'
2025-09-21 06:43:26,890 - httpx - INFO - HTTP Request: POST https://api.telegram.org/bot8428725185:AAELFU6lUasbSDUvRuhTLNDBT3uEmvNruN0/answerCallbackQuery "HTTP/1.1 200 OK"
2025-09-21 06:43:26,890 - handlers.category_link_handler - INFO - Show files selection callback: select_files_1, parts: ['select', 'files', '1']
2025-09-21 06:43:27,031 - httpx - INFO - HTTP Request: POST https://api.telegram.org/bot8428725185:AAELFU6lUasbSDUvRuhTLNDBT3uEmvNruN0/editMessageText "HTTP/1.1 200 OK"
2025-09-21 06:43:27,994 - httpx - INFO - HTTP Request: POST https://api.telegram.org/bot8428725185:AAELFU6lUasbSDUvRuhTLNDBT3uEmvNruN0/getUpdates "HTTP/1.1 200 OK"
2025-09-21 06:43:27,995 - __main__ - INFO - Received callback_data: 'toggle_file_17_1', action: 'toggle'
2025-09-21 06:43:28,125 - httpx - INFO - HTTP Request: POST https://api.telegram.org/bot8428725185:AAELFU6lUasbSDUvRuhTLNDBT3uEmvNruN0/answerCallbackQuery "HTTP/1.1 200 OK"
2025-09-21 06:43:28,126 - handlers.category_link_handler - INFO - Toggle file selection callback: toggle_file_17_1, parts: ['toggle', 'file', '17', '1']
2025-09-21 06:43:28,254 - httpx - INFO - HTTP Request: POST https://api.telegram.org/bot8428725185:AAELFU6lUasbSDUvRuhTLNDBT3uEmvNruN0/answerCallbackQuery "HTTP/1.1 200 OK"
2025-09-21 06:43:28,397 - httpx - INFO - HTTP Request: POST https://api.telegram.org/bot8428725185:AAELFU6lUasbSDUvRuhTLNDBT3uEmvNruN0/editMessageText "HTTP/1.1 200 OK"
2025-09-21 06:43:29,610 - httpx - INFO - HTTP Request: POST https://api.telegram.org/bot8428725185:AAELFU6lUasbSDUvRuhTLNDBT3uEmvNruN0/getUpdates "HTTP/1.1 200 OK"
2025-09-21 06:43:29,611 - __main__ - INFO - Received callback_data: 'create_collection_link_1', action: 'create'
2025-09-21 06:43:29,757 - httpx - INFO - HTTP Request: POST https://api.telegram.org/bot8428725185:AAELFU6lUasbSDUvRuhTLNDBT3uEmvNruN0/answerCallbackQuery "HTTP/1.1 200 OK"
2025-09-21 06:43:29,758 - handlers.category_link_handler - INFO - Create collection link callback: create_collection_link_1, parts: ['create', 'collection', 'link', '1']
2025-09-21 06:43:29,880 - httpx - INFO - HTTP Request: POST https://api.telegram.org/bot8428725185:AAELFU6lUasbSDUvRuhTLNDBT3uEmvNruN0/getMe "HTTP/1.1 200 OK"
2025-09-21 06:43:30,035 - httpx - INFO - HTTP Request: POST https://api.telegram.org/bot8428725185:AAELFU6lUasbSDUvRuhTLNDBT3uEmvNruN0/editMessageText "HTTP/1.1 200 OK"
2025-09-21 06:43:30,282 - httpx - INFO - HTTP Request: POST https://api.telegram.org/bot8428725185:AAELFU6lUasbSDUvRuhTLNDBT3uEmvNruN0/sendMessage "HTTP/1.1 200 OK"
2025-09-21 06:43:34,300 - httpx - INFO - HTTP Request: POST https://api.telegram.org/bot8428725185:AAELFU6lUasbSDUvRuhTLNDBT3uEmvNruN0/getUpdates "HTTP/1.1 200 OK"
2025-09-21 06:43:34,441 - httpx - INFO - HTTP Request: POST https://api.telegram.org/bot8428725185:AAELFU6lUasbSDUvRuhTLNDBT3uEmvNruN0/sendMessage "HTTP/1.1 200 OK"
2025-09-21 06:43:36,332 - httpx - INFO - HTTP Request: POST https://api.telegram.org/bot8428725185:AAELFU6lUasbSDUvRuhTLNDBT3uEmvNruN0/getUpdates "HTTP/1.1 200 OK"
2025-09-21 06:43:36,474 - httpx - INFO - HTTP Request: POST https://api.telegram.org/bot8428725185:AAELFU6lUasbSDUvRuhTLNDBT3uEmvNruN0/sendMessage "HTTP/1.1 200 OK"
2025-09-21 06:43:44,241 - httpx - INFO - HTTP Request: POST https://api.telegram.org/bot8428725185:AAELFU6lUasbSDUvRuhTLNDBT3uEmvNruN0/getUpdates "HTTP/1.1 200 OK"
2025-09-21 06:43:44,242 - __main__ - INFO - Received callback_data: 'browse_shared_collection_mRsqCC4V', action: 'browse'
2025-09-21 06:43:44,645 - httpx - INFO - HTTP Request: POST https://api.telegram.org/bot8428725185:AAELFU6lUasbSDUvRuhTLNDBT3uEmvNruN0/answerCallbackQuery "HTTP/1.1 200 OK"
2025-09-21 06:43:44,777 - httpx - INFO - HTTP Request: POST https://api.telegram.org/bot8428725185:AAELFU6lUasbSDUvRuhTLNDBT3uEmvNruN0/editMessageText "HTTP/1.1 200 OK"
2025-09-21 06:43:45,840 - httpx - INFO - HTTP Request: POST https://api.telegram.org/bot8428725185:AAELFU6lUasbSDUvRuhTLNDBT3uEmvNruN0/getUpdates "HTTP/1.1 200 OK"
2025-09-21 06:43:45,841 - __main__ - INFO - Received callback_data: 'download_shared_file_17_mRsqCC4V', action: 'download'
2025-09-21 06:43:45,972 - httpx - INFO - HTTP Request: POST https://api.telegram.org/bot8428725185:AAELFU6lUasbSDUvRuhTLNDBT3uEmvNruN0/answerCallbackQuery "HTTP/1.1 200 OK"
2025-09-21 06:43:45,973 - __main__ - INFO - Download shared file callback data: download_shared_file_17_mRsqCC4V, parts: ['download', 'shared', 'file', '17', 'mRsqCC4V']
2025-09-21 06:43:45,973 - __main__ - INFO - Parsed file_id: 17, short_code: mRsqCC4V
2025-09-21 06:43:45,973 - __main__ - INFO - Getting file by id: 17
2025-09-21 06:43:45,974 - __main__ - INFO - File found: Photo_AgACAgEA.jpg, storage_message_id: 986
2025-09-21 06:43:45,974 - __main__ - INFO - Forwarding message from channel -1002546879743, message_id: 986
2025-09-21 06:43:46,138 - httpx - INFO - HTTP Request: POST https://api.telegram.org/bot8428725185:AAELFU6lUasbSDUvRuhTLNDBT3uEmvNruN0/forwardMessage "HTTP/1.1 200 OK"
2025-09-21 06:43:46,257 - httpx - INFO - HTTP Request: POST https://api.telegram.org/bot8428725185:AAELFU6lUasbSDUvRuhTLNDBT3uEmvNruN0/answerCallbackQuery "HTTP/1.1 200 OK"
2025-09-21 06:43:46,258 - __main__ - INFO - File successfully forwarded: Photo_AgACAgEA.jpg
2025-09-21 06:43:47,618 - httpx - INFO - HTTP Request: POST https://api.telegram.org/bot8428725185:AAELFU6lUasbSDUvRuhTLNDBT3uEmvNruN0/getUpdates "HTTP/1.1 200 OK"
2025-09-21 06:43:47,619 - __main__ - INFO - Received callback_data: 'back_to_shared_mRsqCC4V', action: 'back'
2025-09-21 06:43:47,737 - httpx - INFO - HTTP Request: POST https://api.telegram.org/bot8428725185:AAELFU6lUasbSDUvRuhTLNDBT3uEmvNruN0/answerCallbackQuery "HTTP/1.1 200 OK"
2025-09-21 06:43:47,738 - __main__ - INFO - Back to shared callback data: back_to_shared_mRsqCC4V, parts: ['back', 'to', 'shared', 'mRsqCC4V']
2025-09-21 06:43:47,874 - httpx - INFO - HTTP Request: POST https://api.telegram.org/bot8428725185:AAELFU6lUasbSDUvRuhTLNDBT3uEmvNruN0/editMessageText "HTTP/1.1 200 OK"
2025-09-21 06:43:52,553 - httpx - INFO - HTTP Request: POST https://api.telegram.org/bot8428725185:AAELFU6lUasbSDUvRuhTLNDBT3uEmvNruN0/getUpdates "HTTP/1.1 200 OK"
2025-09-21 06:43:52,555 - __main__ - INFO - Received callback_data: 'download_all_collection_mRsqCC4V', action: 'download'
2025-09-21 06:43:52,674 - httpx - INFO - HTTP Request: POST https://api.telegram.org/bot8428725185:AAELFU6lUasbSDUvRuhTLNDBT3uEmvNruN0/answerCallbackQuery "HTTP/1.1 200 OK"
2025-09-21 06:43:52,674 - __main__ - INFO - Download all collection callback data: download_all_collection_mRsqCC4V, parts: ['download', 'all', 'collection', 'mRsqCC4V']
2025-09-21 06:43:52,810 - httpx - INFO - HTTP Request: POST https://api.telegram.org/bot8428725185:AAELFU6lUasbSDUvRuhTLNDBT3uEmvNruN0/sendMessage "HTTP/1.1 200 OK"
2025-09-21 06:43:52,952 - httpx - INFO - HTTP Request: POST https://api.telegram.org/bot8428725185:AAELFU6lUasbSDUvRuhTLNDBT3uEmvNruN0/forwardMessage "HTTP/1.1 200 OK"
2025-09-21 06:43:53,586 - httpx - INFO - HTTP Request: POST https://api.telegram.org/bot8428725185:AAELFU6lUasbSDUvRuhTLNDBT3uEmvNruN0/sendMessage "HTTP/1.1 200 OK"
2025-09-21 06:43:58,459 - httpx - INFO - HTTP Request: POST https://api.telegram.org/bot8428725185:AAELFU6lUasbSDUvRuhTLNDBT3uEmvNruN0/getUpdates "HTTP/1.1 200 OK"
2025-09-21 06:43:58,460 - __main__ - INFO - Received callback_data: 'stats_shared_mRsqCC4V', action: 'stats'
2025-09-21 06:43:58,630 - httpx - INFO - HTTP Request: POST https://api.telegram.org/bot8428725185:AAELFU6lUasbSDUvRuhTLNDBT3uEmvNruN0/answerCallbackQuery "HTTP/1.1 200 OK"
2025-09-21 06:43:58,796 - httpx - INFO - HTTP Request: POST https://api.telegram.org/bot8428725185:AAELFU6lUasbSDUvRuhTLNDBT3uEmvNruN0/editMessageText "HTTP/1.1 200 OK"
2025-09-21 06:44:03,903 - httpx - INFO - HTTP Request: POST https://api.telegram.org/bot8428725185:AAELFU6lUasbSDUvRuhTLNDBT3uEmvNruN0/getUpdates "HTTP/1.1 200 OK"
2025-09-21 06:44:03,904 - __main__ - INFO - Received callback_data: 'main_menu', action: 'main'
2025-09-21 06:44:04,313 - httpx - INFO - HTTP Request: POST https://api.telegram.org/bot8428725185:AAELFU6lUasbSDUvRuhTLNDBT3uEmvNruN0/editMessageText "HTTP/1.1 200 OK"
2025-09-21 06:44:14,019 - httpx - INFO - HTTP Request: POST https://api.telegram.org/bot8428725185:AAELFU6lUasbSDUvRuhTLNDBT3uEmvNruN0/getUpdates "HTTP/1.1 200 OK"
2025-09-21 06:44:24,135 - httpx - INFO - HTTP Request: POST https://api.telegram.org/bot8428725185:AAELFU6lUasbSDUvRuhTLNDBT3uEmvNruN0/getUpdates "HTTP/1.1 200 OK"
2025-09-21 06:44:34,250 - httpx - INFO - HTTP Request: POST https://api.telegram.org/bot8428725185:AAELFU6lUasbSDUvRuhTLNDBT3uEmvNruN0/getUpdates "HTTP/1.1 200 OK"
2025-09-21 06:44:44,365 - httpx - INFO - HTTP Request: POST https://api.telegram.org/bot8428725185:AAELFU6lUasbSDUvRuhTLNDBT3uEmvNruN0/getUpdates "HTTP/1.1 200 OK"
2025-09-21 06:44:54,479 - httpx - INFO - HTTP Request: POST https://api.telegram.org/bot8428725185:AAELFU6lUasbSDUvRuhTLNDBT3uEmvNruN0/getUpdates "HTTP/1.1 200 OK"
2025-09-21 06:45:04,594 - httpx - INFO - HTTP Request: POST https://api.telegram.org/bot8428725185:AAELFU6lUasbSDUvRuhTLNDBT3uEmvNruN0/getUpdates "HTTP/1.1 200 OK"
2025-09-21 06:45:14,709 - httpx - INFO - HTTP Request: POST https://api.telegram.org/bot8428725185:AAELFU6lUasbSDUvRuhTLNDBT3uEmvNruN0/getUpdates "HTTP/1.1 200 OK"
2025-09-21 06:45:24,824 - httpx - INFO - HTTP Request: POST https://api.telegram.org/bot8428725185:AAELFU6lUasbSDUvRuhTLNDBT3uEmvNruN0/getUpdates "HTTP/1.1 200 OK"
